$ bun run --watch src/core/server.ts
Servidor HTTP em: http://localhost:3333
Servidor HTTP em: http://localhost:3333
Servidor HTTP em: http://localhost:3333
[LogsRepository] Erro ao persistir log 626 |         result = new this._Promise((resolve, reject) => {
627 |           query.callback = (err, res) => (err ? reject(err) : resolve(res))
628 |         }).catch((err) => {
629 |           // replace the stack trace that leads to `TCP.onStreamRead` with one that leads back to the
630 |           // application that created the query
631 |           Error.captureStackTrace(err)
                      ^
error: relation "logs" does not exist
     length: 103,
   severity: "ERROR",
     detail: undefined,
       hint: undefined,
   position: "20",
 internalPosition: undefined,
 internalQuery: undefined,
      where: undefined,
     schema: undefined,
      table: undefined,
   dataType: undefined,
 constraint: undefined,
       file: "parse_relation.c",
    routine: "parserOpenTable",
       code: "42P01"

      at <anonymous> (/home/jp/Documentos/GitHub/operix-service-api/node_modules/pg/lib/client.js:631:17)

[LogsRepository] Erro ao persistir log 626 |         result = new this._Promise((resolve, reject) => {
627 |           query.callback = (err, res) => (err ? reject(err) : resolve(res))
628 |         }).catch((err) => {
629 |           // replace the stack trace that leads to `TCP.onStreamRead` with one that leads back to the
630 |           // application that created the query
631 |           Error.captureStackTrace(err)
                      ^
error: relation "logs" does not exist
     length: 103,
   severity: "ERROR",
     detail: undefined,
       hint: undefined,
   position: "20",
 internalPosition: undefined,
 internalQuery: undefined,
      where: undefined,
     schema: undefined,
      table: undefined,
   dataType: undefined,
 constraint: undefined,
       file: "parse_relation.c",
    routine: "parserOpenTable",
       code: "42P01"

      at <anonymous> (/home/jp/Documentos/GitHub/operix-service-api/node_modules/pg/lib/client.js:631:17)

[LogsRepository] Erro ao persistir log 626 |         result = new this._Promise((resolve, reject) => {
627 |           query.callback = (err, res) => (err ? reject(err) : resolve(res))
628 |         }).catch((err) => {
629 |           // replace the stack trace that leads to `TCP.onStreamRead` with one that leads back to the
630 |           // application that created the query
631 |           Error.captureStackTrace(err)
                      ^
error: relation "logs" does not exist
     length: 103,
   severity: "ERROR",
     detail: undefined,
       hint: undefined,
   position: "20",
 internalPosition: undefined,
 internalQuery: undefined,
      where: undefined,
     schema: undefined,
      table: undefined,
   dataType: undefined,
 constraint: undefined,
       file: "parse_relation.c",
    routine: "parserOpenTable",
       code: "42P01"

      at <anonymous> (/home/jp/Documentos/GitHub/operix-service-api/node_modules/pg/lib/client.js:631:17)

[LogsRepository] Erro ao persistir log 626 |         result = new this._Promise((resolve, reject) => {
627 |           query.callback = (err, res) => (err ? reject(err) : resolve(res))
628 |         }).catch((err) => {
629 |           // replace the stack trace that leads to `TCP.onStreamRead` with one that leads back to the
630 |           // application that created the query
631 |           Error.captureStackTrace(err)
                      ^
error: relation "logs" does not exist
     length: 103,
   severity: "ERROR",
     detail: undefined,
       hint: undefined,
   position: "20",
 internalPosition: undefined,
 internalQuery: undefined,
      where: undefined,
     schema: undefined,
      table: undefined,
   dataType: undefined,
 constraint: undefined,
       file: "parse_relation.c",
    routine: "parserOpenTable",
       code: "42P01"

      at <anonymous> (/home/jp/Documentos/GitHub/operix-service-api/node_modules/pg/lib/client.js:631:17)

[LogsRepository] Erro ao persistir log 626 |         result = new this._Promise((resolve, reject) => {
627 |           query.callback = (err, res) => (err ? reject(err) : resolve(res))
628 |         }).catch((err) => {
629 |           // replace the stack trace that leads to `TCP.onStreamRead` with one that leads back to the
630 |           // application that created the query
631 |           Error.captureStackTrace(err)
                      ^
error: relation "logs" does not exist
     length: 103,
   severity: "ERROR",
     detail: undefined,
       hint: undefined,
   position: "20",
 internalPosition: undefined,
 internalQuery: undefined,
      where: undefined,
     schema: undefined,
      table: undefined,
   dataType: undefined,
 constraint: undefined,
       file: "parse_relation.c",
    routine: "parserOpenTable",
       code: "42P01"

      at <anonymous> (/home/jp/Documentos/GitHub/operix-service-api/node_modules/pg/lib/client.js:631:17)

[LogsRepository] Erro ao persistir log 626 |         result = new this._Promise((resolve, reject) => {
627 |           query.callback = (err, res) => (err ? reject(err) : resolve(res))
628 |         }).catch((err) => {
629 |           // replace the stack trace that leads to `TCP.onStreamRead` with one that leads back to the
630 |           // application that created the query
631 |           Error.captureStackTrace(err)
                      ^
error: relation "logs" does not exist
     length: 103,
   severity: "ERROR",
     detail: undefined,
       hint: undefined,
   position: "20",
 internalPosition: undefined,
 internalQuery: undefined,
      where: undefined,
     schema: undefined,
      table: undefined,
   dataType: undefined,
 constraint: undefined,
       file: "parse_relation.c",
    routine: "parserOpenTable",
       code: "42P01"

      at <anonymous> (/home/jp/Documentos/GitHub/operix-service-api/node_modules/pg/lib/client.js:631:17)

[LogsRepository] Erro ao persistir log 626 |         result = new this._Promise((resolve, reject) => {
627 |           query.callback = (err, res) => (err ? reject(err) : resolve(res))
628 |         }).catch((err) => {
629 |           // replace the stack trace that leads to `TCP.onStreamRead` with one that leads back to the
630 |           // application that created the query
631 |           Error.captureStackTrace(err)
                      ^
error: relation "logs" does not exist
     length: 103,
   severity: "ERROR",
     detail: undefined,
       hint: undefined,
   position: "20",
 internalPosition: undefined,
 internalQuery: undefined,
      where: undefined,
     schema: undefined,
      table: undefined,
   dataType: undefined,
 constraint: undefined,
       file: "parse_relation.c",
    routine: "parserOpenTable",
       code: "42P01"

      at <anonymous> (/home/jp/Documentos/GitHub/operix-service-api/node_modules/pg/lib/client.js:631:17)

[LogsRepository] Erro ao persistir log 626 |         result = new this._Promise((resolve, reject) => {
627 |           query.callback = (err, res) => (err ? reject(err) : resolve(res))
628 |         }).catch((err) => {
629 |           // replace the stack trace that leads to `TCP.onStreamRead` with one that leads back to the
630 |           // application that created the query
631 |           Error.captureStackTrace(err)
                      ^
error: relation "logs" does not exist
     length: 103,
   severity: "ERROR",
     detail: undefined,
       hint: undefined,
   position: "20",
 internalPosition: undefined,
 internalQuery: undefined,
      where: undefined,
     schema: undefined,
      table: undefined,
   dataType: undefined,
 constraint: undefined,
       file: "parse_relation.c",
    routine: "parserOpenTable",
       code: "42P01"

      at <anonymous> (/home/jp/Documentos/GitHub/operix-service-api/node_modules/pg/lib/client.js:631:17)

error: script "dev" was terminated by signal SIGKILL (Forced quit)
